[2m2026-03-10T18:11:19.324359Z[0m [33m WARN[0m [2mralph::preflight[0m[2m:[0m Config file "presets/pdd-to-code-assist.yml" not found, using defaults
[2m2026-03-10T18:11:19.327201Z[0m [33m WARN[0m [2mralph::loop_runner[0m[2m:[0m Interactive mode requested but stdout is not a TTY, falling back to autonomous
[2m2026-03-10T18:11:19.327643Z[0m [32m INFO[0m [2mralph_core::event_loop[0m[2m:[0m Memory injection check: enabled=true, inject=Auto, workspace_root="/home/raphaelm/Github/cravingsph"
[2m2026-03-10T18:11:19.327656Z[0m [32m INFO[0m [2mralph_core::event_loop[0m[2m:[0m Looking for memories at: "/home/raphaelm/Github/cravingsph/.ralph/agent/memories.md" (exists: true)
[2m2026-03-10T18:11:19.328642Z[0m [32m INFO[0m [2mralph_core::event_loop[0m[2m:[0m Successfully loaded 39 memories from store
[2m2026-03-10T18:11:19.328662Z[0m [32m INFO[0m [2mralph_core::event_loop[0m[2m:[0m Injecting 39 memories (16309 chars) into prompt
[2m2026-03-10T18:11:19.328737Z[0m [32m INFO[0m [2mralph_core::event_loop[0m[2m:[0m Injecting ready tasks (0 ready, 0 open, 67 closed) into prompt
[2m2026-03-10T19:15:04.450606Z[0m [32m INFO[0m [2mralph_core::event_loop[0m[2m:[0m Memory injection check: enabled=true, inject=Auto, workspace_root="/home/raphaelm/Github/cravingsph"
[2m2026-03-10T19:15:04.450635Z[0m [32m INFO[0m [2mralph_core::event_loop[0m[2m:[0m Looking for memories at: "/home/raphaelm/Github/cravingsph/.ralph/agent/memories.md" (exists: true)
[2m2026-03-10T19:15:04.451857Z[0m [32m INFO[0m [2mralph_core::event_loop[0m[2m:[0m Successfully loaded 39 memories from store
[2m2026-03-10T19:15:04.451877Z[0m [32m INFO[0m [2mralph_core::event_loop[0m[2m:[0m Injecting 39 memories (16309 chars) into prompt
[2m2026-03-10T19:15:04.451902Z[0m [32m INFO[0m [2mralph_core::event_loop[0m[2m:[0m Injecting scratchpad (1248 chars) into prompt
[2m2026-03-10T19:15:04.452207Z[0m [32m INFO[0m [2mralph_core::event_loop[0m[2m:[0m Injecting ready tasks (0 ready, 0 open, 67 closed) into prompt
[2m2026-03-10T19:17:36.917590Z[0m [32m INFO[0m [2mralph::loop_runner[0m[2m:[0m All done! LOOP_COMPLETE detected in solo output.
[2m2026-03-10T19:17:36.917634Z[0m [32m INFO[0m [2mralph_core::event_loop[0m[2m:[0m Wrapping up: completed. 2 iterations in 1h 6m 17s. [3mreason[0m[2m=[0mcompleted [3miterations[0m[2m=[0m2 [3mduration[0m[2m=[0m1h 6m 17s
[2m2026-03-10T19:17:36.919317Z[0m [32m INFO[0m [2mralph_core::landing[0m[2m:[0m Beginning landing sequence [3mloop_id[0m[2m=[0mprimary
[2m2026-03-10T19:17:36.950889Z[0m [32m INFO[0m [2mralph_core::landing[0m[2m:[0m Auto-committed changes during landing [3mloop_id[0m[2m=[0mprimary [3mcommit[0m[2m=[0mSome("3872f87dfe95677873d76925daa20b6af2e079a3") [3mfiles[0m[2m=[0m66
[2m2026-03-10T19:17:40.308693Z[0m [32m INFO[0m [2mralph_core::landing[0m[2m:[0m Generated handoff file [3mloop_id[0m[2m=[0mprimary [3mpath[0m[2m=[0m/home/raphaelm/Github/cravingsph/.ralph/agent/handoff.md [3mcompleted[0m[2m=[0m67 [3mopen[0m[2m=[0m0
[2m2026-03-10T19:17:40.315342Z[0m [32m INFO[0m [2mralph_core::loop_completion[0m[2m:[0m Landing completed with auto-commit [3mcommit[0m[2m=[0mSome("3872f87dfe95677873d76925daa20b6af2e079a3") [3mhandoff[0m[2m=[0m/home/raphaelm/Github/cravingsph/.ralph/agent/handoff.md
[2m2026-03-10T19:17:40.315356Z[0m [32m INFO[0m [2mralph::loop_runner[0m[2m:[0m Primary loop landed successfully [3mcommitted[0m[2m=[0mtrue [3mhandoff[0m[2m=[0m/home/raphaelm/Github/cravingsph/.ralph/agent/handoff.md [3mopen_tasks[0m[2m=[0m0
