2026-03-09T10:45:33.601786Z  WARN ralph::preflight: Config file "presets/pdd-to-code-assist.yml" not found, using defaults
2026-03-09T10:45:33.712288Z  INFO ralph_core::event_loop: Memory injection check: enabled=true, inject=Auto, workspace_root="/Users/raphaelm/Documents/Coding/startups/cravingsph"
2026-03-09T10:45:33.712332Z  INFO ralph_core::event_loop: Looking for memories at: "/Users/raphaelm/Documents/Coding/startups/cravingsph/.ralph/agent/memories.md" (exists: false)
2026-03-09T10:45:33.712341Z  INFO ralph_core::event_loop: Successfully loaded 0 memories from store
2026-03-09T10:45:33.712345Z  INFO ralph_core::event_loop: Memory store is empty - no memories to inject
2026-03-09T10:51:28.202937Z  INFO ralph_core::event_loop: Memory injection check: enabled=true, inject=Auto, workspace_root="/Users/raphaelm/Documents/Coding/startups/cravingsph"
2026-03-09T10:51:28.203868Z  INFO ralph_core::event_loop: Looking for memories at: "/Users/raphaelm/Documents/Coding/startups/cravingsph/.ralph/agent/memories.md" (exists: false)
2026-03-09T10:51:28.203877Z  INFO ralph_core::event_loop: Successfully loaded 0 memories from store
2026-03-09T10:51:28.203882Z  INFO ralph_core::event_loop: Memory store is empty - no memories to inject
2026-03-09T10:51:28.204038Z  INFO ralph_core::event_loop: Injecting scratchpad (2416 chars) into prompt
2026-03-09T10:51:28.204226Z  INFO ralph_core::event_loop: Injecting ready tasks (2 ready, 2 open, 2 closed) into prompt
2026-03-09T10:54:20.262035Z  INFO ralph_core::event_loop: Memory injection check: enabled=true, inject=Auto, workspace_root="/Users/raphaelm/Documents/Coding/startups/cravingsph"
2026-03-09T10:54:20.262589Z  INFO ralph_core::event_loop: Looking for memories at: "/Users/raphaelm/Documents/Coding/startups/cravingsph/.ralph/agent/memories.md" (exists: false)
2026-03-09T10:54:20.262597Z  INFO ralph_core::event_loop: Successfully loaded 0 memories from store
2026-03-09T10:54:20.262602Z  INFO ralph_core::event_loop: Memory store is empty - no memories to inject
2026-03-09T10:54:20.262763Z  INFO ralph_core::event_loop: Injecting scratchpad (3131 chars) into prompt
2026-03-09T10:54:20.262946Z  INFO ralph_core::event_loop: Injecting ready tasks (1 ready, 1 open, 3 closed) into prompt
2026-03-09T10:58:21.001869Z  INFO ralph_core::event_loop: Memory injection check: enabled=true, inject=Auto, workspace_root="/Users/raphaelm/Documents/Coding/startups/cravingsph"
2026-03-09T10:58:21.002690Z  INFO ralph_core::event_loop: Looking for memories at: "/Users/raphaelm/Documents/Coding/startups/cravingsph/.ralph/agent/memories.md" (exists: false)
2026-03-09T10:58:21.002700Z  INFO ralph_core::event_loop: Successfully loaded 0 memories from store
2026-03-09T10:58:21.002706Z  INFO ralph_core::event_loop: Memory store is empty - no memories to inject
2026-03-09T10:58:21.002878Z  INFO ralph_core::event_loop: Injecting scratchpad (4686 chars) into prompt
2026-03-09T10:58:21.003067Z  INFO ralph_core::event_loop: Injecting ready tasks (0 ready, 0 open, 4 closed) into prompt
