2026-03-09T11:01:51.165523Z  WARN ralph::preflight: Config file "presets/pdd-to-code-assist.yml" not found, using defaults
2026-03-09T11:01:51.277470Z  INFO ralph_core::event_loop: Memory injection check: enabled=true, inject=Auto, workspace_root="/Users/raphaelm/Documents/Coding/startups/cravingsph"
2026-03-09T11:01:51.277506Z  INFO ralph_core::event_loop: Looking for memories at: "/Users/raphaelm/Documents/Coding/startups/cravingsph/.ralph/agent/memories.md" (exists: false)
2026-03-09T11:01:51.277514Z  INFO ralph_core::event_loop: Successfully loaded 0 memories from store
2026-03-09T11:01:51.277520Z  INFO ralph_core::event_loop: Memory store is empty - no memories to inject
2026-03-09T11:01:51.277919Z  INFO ralph_core::event_loop: Injecting ready tasks (1 ready, 4 open, 4 closed) into prompt
2026-03-09T11:07:57.819339Z  INFO ralph_core::event_loop: Memory injection check: enabled=true, inject=Auto, workspace_root="/Users/raphaelm/Documents/Coding/startups/cravingsph"
2026-03-09T11:07:57.820136Z  INFO ralph_core::event_loop: Looking for memories at: "/Users/raphaelm/Documents/Coding/startups/cravingsph/.ralph/agent/memories.md" (exists: true)
2026-03-09T11:07:57.824412Z  INFO ralph_core::event_loop: Successfully loaded 2 memories from store
2026-03-09T11:07:57.824433Z  INFO ralph_core::event_loop: Injecting 2 memories (607 chars) into prompt
2026-03-09T11:07:57.824754Z  INFO ralph_core::event_loop: Injecting scratchpad (1227 chars) into prompt
2026-03-09T11:07:57.824950Z  INFO ralph_core::event_loop: Injecting ready tasks (2 ready, 3 open, 5 closed) into prompt
2026-03-09T11:16:23.628571Z  INFO ralph_core::event_loop: Memory injection check: enabled=true, inject=Auto, workspace_root="/Users/raphaelm/Documents/Coding/startups/cravingsph"
2026-03-09T11:16:23.629549Z  INFO ralph_core::event_loop: Looking for memories at: "/Users/raphaelm/Documents/Coding/startups/cravingsph/.ralph/agent/memories.md" (exists: true)
2026-03-09T11:16:23.631264Z  INFO ralph_core::event_loop: Successfully loaded 2 memories from store
2026-03-09T11:16:23.631296Z  INFO ralph_core::event_loop: Injecting 2 memories (607 chars) into prompt
2026-03-09T11:16:23.631501Z  INFO ralph_core::event_loop: Injecting scratchpad (2801 chars) into prompt
2026-03-09T11:16:23.631725Z  INFO ralph_core::event_loop: Injecting ready tasks (2 ready, 2 open, 6 closed) into prompt
2026-03-09T11:21:07.871303Z  INFO ralph_core::event_loop: Memory injection check: enabled=true, inject=Auto, workspace_root="/Users/raphaelm/Documents/Coding/startups/cravingsph"
2026-03-09T11:21:07.872142Z  INFO ralph_core::event_loop: Looking for memories at: "/Users/raphaelm/Documents/Coding/startups/cravingsph/.ralph/agent/memories.md" (exists: true)
2026-03-09T11:21:07.873647Z  INFO ralph_core::event_loop: Successfully loaded 2 memories from store
2026-03-09T11:21:07.873860Z  INFO ralph_core::event_loop: Injecting 2 memories (607 chars) into prompt
2026-03-09T11:21:07.874052Z  INFO ralph_core::event_loop: Injecting scratchpad (3808 chars) into prompt
2026-03-09T11:21:07.874204Z  INFO ralph_core::event_loop: Injecting ready tasks (1 ready, 1 open, 7 closed) into prompt
2026-03-09T11:27:02.491307Z  INFO ralph_core::event_loop: Memory injection check: enabled=true, inject=Auto, workspace_root="/Users/raphaelm/Documents/Coding/startups/cravingsph"
2026-03-09T11:27:02.492075Z  INFO ralph_core::event_loop: Looking for memories at: "/Users/raphaelm/Documents/Coding/startups/cravingsph/.ralph/agent/memories.md" (exists: true)
2026-03-09T11:27:02.493943Z  INFO ralph_core::event_loop: Successfully loaded 2 memories from store
2026-03-09T11:27:02.493963Z  INFO ralph_core::event_loop: Injecting 2 memories (607 chars) into prompt
2026-03-09T11:27:02.494143Z  INFO ralph_core::event_loop: Injecting scratchpad (5094 chars) into prompt
2026-03-09T11:27:02.494656Z  INFO ralph_core::event_loop: Injecting ready tasks (0 ready, 0 open, 8 closed) into prompt
2026-03-09T11:31:57.102967Z  INFO ralph_core::event_loop: Memory injection check: enabled=true, inject=Auto, workspace_root="/Users/raphaelm/Documents/Coding/startups/cravingsph"
2026-03-09T11:31:57.103780Z  INFO ralph_core::event_loop: Looking for memories at: "/Users/raphaelm/Documents/Coding/startups/cravingsph/.ralph/agent/memories.md" (exists: true)
2026-03-09T11:31:57.105575Z  INFO ralph_core::event_loop: Successfully loaded 2 memories from store
2026-03-09T11:31:57.105588Z  INFO ralph_core::event_loop: Injecting 2 memories (607 chars) into prompt
2026-03-09T11:31:57.105757Z  INFO ralph_core::event_loop: Injecting scratchpad (7659 chars) into prompt
2026-03-09T11:31:57.105943Z  INFO ralph_core::event_loop: Injecting ready tasks (1 ready, 2 open, 9 closed) into prompt
2026-03-09T11:36:09.250886Z  INFO ralph_core::event_loop: Memory injection check: enabled=true, inject=Auto, workspace_root="/Users/raphaelm/Documents/Coding/startups/cravingsph"
2026-03-09T11:36:09.251677Z  INFO ralph_core::event_loop: Looking for memories at: "/Users/raphaelm/Documents/Coding/startups/cravingsph/.ralph/agent/memories.md" (exists: true)
2026-03-09T11:36:09.254345Z  INFO ralph_core::event_loop: Successfully loaded 2 memories from store
2026-03-09T11:36:09.254362Z  INFO ralph_core::event_loop: Injecting 2 memories (607 chars) into prompt
2026-03-09T11:36:09.254527Z  INFO ralph_core::event_loop: Injecting scratchpad (9398 chars) into prompt
2026-03-09T11:36:09.254700Z  INFO ralph_core::event_loop: Injecting ready tasks (1 ready, 1 open, 10 closed) into prompt
2026-03-09T11:41:18.639334Z  INFO ralph_core::event_loop: Memory injection check: enabled=true, inject=Auto, workspace_root="/Users/raphaelm/Documents/Coding/startups/cravingsph"
2026-03-09T11:41:18.640156Z  INFO ralph_core::event_loop: Looking for memories at: "/Users/raphaelm/Documents/Coding/startups/cravingsph/.ralph/agent/memories.md" (exists: true)
2026-03-09T11:41:18.641635Z  INFO ralph_core::event_loop: Successfully loaded 2 memories from store
2026-03-09T11:41:18.641649Z  INFO ralph_core::event_loop: Injecting 2 memories (607 chars) into prompt
2026-03-09T11:41:18.641820Z  INFO ralph_core::event_loop: Injecting scratchpad (11741 chars) into prompt
2026-03-09T11:41:18.642207Z  INFO ralph_core::event_loop: Injecting ready tasks (0 ready, 0 open, 11 closed) into prompt
2026-03-09T11:48:20.183945Z  INFO ralph_core::event_loop: Memory injection check: enabled=true, inject=Auto, workspace_root="/Users/raphaelm/Documents/Coding/startups/cravingsph"
2026-03-09T11:48:20.184739Z  INFO ralph_core::event_loop: Looking for memories at: "/Users/raphaelm/Documents/Coding/startups/cravingsph/.ralph/agent/memories.md" (exists: true)
2026-03-09T11:48:20.186307Z  INFO ralph_core::event_loop: Successfully loaded 2 memories from store
2026-03-09T11:48:20.186320Z  INFO ralph_core::event_loop: Injecting 2 memories (607 chars) into prompt
2026-03-09T11:48:20.186591Z  INFO ralph_core::event_loop: Injecting scratchpad (14534 chars) into prompt
2026-03-09T11:48:20.186844Z  INFO ralph_core::event_loop: Injecting ready tasks (0 ready, 1 open, 12 closed) into prompt
2026-03-09T11:52:14.224540Z  INFO ralph_core::event_loop: Memory injection check: enabled=true, inject=Auto, workspace_root="/Users/raphaelm/Documents/Coding/startups/cravingsph"
2026-03-09T11:52:14.225268Z  INFO ralph_core::event_loop: Looking for memories at: "/Users/raphaelm/Documents/Coding/startups/cravingsph/.ralph/agent/memories.md" (exists: true)
2026-03-09T11:52:14.226380Z  INFO ralph_core::event_loop: Successfully loaded 2 memories from store
2026-03-09T11:52:14.226397Z  INFO ralph_core::event_loop: Injecting 2 memories (607 chars) into prompt
2026-03-09T11:52:14.226626Z  INFO ralph_core::event_loop: Injecting scratchpad (15658 chars) into prompt
2026-03-09T11:52:14.227186Z  INFO ralph_core::event_loop: Injecting ready tasks (0 ready, 1 open, 13 closed) into prompt
2026-03-09T11:56:44.571771Z  INFO ralph_core::event_loop: Memory injection check: enabled=true, inject=Auto, workspace_root="/Users/raphaelm/Documents/Coding/startups/cravingsph"
2026-03-09T11:56:44.572455Z  INFO ralph_core::event_loop: Looking for memories at: "/Users/raphaelm/Documents/Coding/startups/cravingsph/.ralph/agent/memories.md" (exists: true)
2026-03-09T11:56:44.573868Z  INFO ralph_core::event_loop: Successfully loaded 2 memories from store
2026-03-09T11:56:44.573894Z  INFO ralph_core::event_loop: Injecting 2 memories (607 chars) into prompt
2026-03-09T11:56:44.574103Z  INFO ralph_core::event_loop: Injecting scratchpad (16175 chars) into prompt
2026-03-09T11:56:44.574327Z  INFO ralph_core::event_loop: Injecting ready tasks (1 ready, 2 open, 15 closed) into prompt
2026-03-09T12:00:02.184277Z  INFO ralph_core::event_loop: Memory injection check: enabled=true, inject=Auto, workspace_root="/Users/raphaelm/Documents/Coding/startups/cravingsph"
2026-03-09T12:00:02.185212Z  INFO ralph_core::event_loop: Looking for memories at: "/Users/raphaelm/Documents/Coding/startups/cravingsph/.ralph/agent/memories.md" (exists: true)
2026-03-09T12:00:02.187051Z  INFO ralph_core::event_loop: Successfully loaded 2 memories from store
2026-03-09T12:00:02.187079Z  INFO ralph_core::event_loop: Injecting 2 memories (607 chars) into prompt
2026-03-09T12:00:02.187319Z  INFO ralph_core::event_loop: Injecting scratchpad (16290 chars) into prompt
2026-03-09T12:00:02.187570Z  INFO ralph_core::event_loop: Injecting ready tasks (1 ready, 1 open, 16 closed) into prompt
2026-03-09T12:03:46.163592Z  INFO ralph_core::event_loop: Memory injection check: enabled=true, inject=Auto, workspace_root="/Users/raphaelm/Documents/Coding/startups/cravingsph"
2026-03-09T12:03:46.165727Z  INFO ralph_core::event_loop: Looking for memories at: "/Users/raphaelm/Documents/Coding/startups/cravingsph/.ralph/agent/memories.md" (exists: true)
2026-03-09T12:03:46.166981Z  INFO ralph_core::event_loop: Successfully loaded 2 memories from store
2026-03-09T12:03:46.166999Z  INFO ralph_core::event_loop: Injecting 2 memories (607 chars) into prompt
2026-03-09T12:03:46.167211Z  INFO ralph_core::event_loop: Injecting scratchpad (16259 chars) into prompt
2026-03-09T12:03:46.167421Z  INFO ralph_core::event_loop: Injecting ready tasks (0 ready, 0 open, 17 closed) into prompt
2026-03-09T12:08:00.535056Z  INFO ralph_core::event_loop: Memory injection check: enabled=true, inject=Auto, workspace_root="/Users/raphaelm/Documents/Coding/startups/cravingsph"
2026-03-09T12:08:00.535941Z  INFO ralph_core::event_loop: Looking for memories at: "/Users/raphaelm/Documents/Coding/startups/cravingsph/.ralph/agent/memories.md" (exists: true)
2026-03-09T12:08:00.537858Z  INFO ralph_core::event_loop: Successfully loaded 2 memories from store
2026-03-09T12:08:00.538051Z  INFO ralph_core::event_loop: Injecting 2 memories (607 chars) into prompt
2026-03-09T12:08:00.538262Z  INFO ralph_core::event_loop: Injecting scratchpad (16254 chars) into prompt
2026-03-09T12:08:00.538460Z  INFO ralph_core::event_loop: Injecting ready tasks (1 ready, 1 open, 18 closed) into prompt
2026-03-09T12:10:31.961708Z  INFO ralph_core::event_loop: Memory injection check: enabled=true, inject=Auto, workspace_root="/Users/raphaelm/Documents/Coding/startups/cravingsph"
2026-03-09T12:10:31.962442Z  INFO ralph_core::event_loop: Looking for memories at: "/Users/raphaelm/Documents/Coding/startups/cravingsph/.ralph/agent/memories.md" (exists: true)
2026-03-09T12:10:31.963792Z  INFO ralph_core::event_loop: Successfully loaded 2 memories from store
2026-03-09T12:10:31.963809Z  INFO ralph_core::event_loop: Injecting 2 memories (607 chars) into prompt
2026-03-09T12:10:31.963999Z  INFO ralph_core::event_loop: Injecting scratchpad (16457 chars) into prompt
2026-03-09T12:10:31.964191Z  INFO ralph_core::event_loop: Injecting ready tasks (0 ready, 0 open, 19 closed) into prompt
2026-03-09T12:14:21.774754Z  INFO ralph_core::event_loop: Memory injection check: enabled=true, inject=Auto, workspace_root="/Users/raphaelm/Documents/Coding/startups/cravingsph"
2026-03-09T12:14:21.775514Z  INFO ralph_core::event_loop: Looking for memories at: "/Users/raphaelm/Documents/Coding/startups/cravingsph/.ralph/agent/memories.md" (exists: true)
2026-03-09T12:14:21.776800Z  INFO ralph_core::event_loop: Successfully loaded 2 memories from store
2026-03-09T12:14:21.776817Z  INFO ralph_core::event_loop: Injecting 2 memories (607 chars) into prompt
2026-03-09T12:14:21.777023Z  INFO ralph_core::event_loop: Injecting scratchpad (16257 chars) into prompt
2026-03-09T12:14:21.777434Z  INFO ralph_core::event_loop: Injecting ready tasks (1 ready, 2 open, 20 closed) into prompt
2026-03-09T12:17:07.953043Z  INFO ralph_core::event_loop: Memory injection check: enabled=true, inject=Auto, workspace_root="/Users/raphaelm/Documents/Coding/startups/cravingsph"
2026-03-09T12:17:07.955815Z  INFO ralph_core::event_loop: Looking for memories at: "/Users/raphaelm/Documents/Coding/startups/cravingsph/.ralph/agent/memories.md" (exists: true)
2026-03-09T12:17:07.960091Z  INFO ralph_core::event_loop: Successfully loaded 2 memories from store
2026-03-09T12:17:07.960126Z  INFO ralph_core::event_loop: Injecting 2 memories (607 chars) into prompt
2026-03-09T12:17:07.960954Z  INFO ralph_core::event_loop: Injecting scratchpad (16539 chars) into prompt
2026-03-09T12:17:07.964695Z  INFO ralph_core::event_loop: Injecting ready tasks (1 ready, 1 open, 21 closed) into prompt
2026-03-09T12:21:33.051834Z  INFO ralph_core::event_loop: Memory injection check: enabled=true, inject=Auto, workspace_root="/Users/raphaelm/Documents/Coding/startups/cravingsph"
2026-03-09T12:21:33.052659Z  INFO ralph_core::event_loop: Looking for memories at: "/Users/raphaelm/Documents/Coding/startups/cravingsph/.ralph/agent/memories.md" (exists: true)
2026-03-09T12:21:33.055786Z  INFO ralph_core::event_loop: Successfully loaded 2 memories from store
2026-03-09T12:21:33.055963Z  INFO ralph_core::event_loop: Injecting 2 memories (607 chars) into prompt
2026-03-09T12:21:33.056242Z  INFO ralph_core::event_loop: Injecting scratchpad (16583 chars) into prompt
2026-03-09T12:21:33.056825Z  INFO ralph_core::event_loop: Injecting ready tasks (0 ready, 0 open, 22 closed) into prompt
2026-03-09T12:28:08.215874Z  INFO ralph_core::event_loop: Memory injection check: enabled=true, inject=Auto, workspace_root="/Users/raphaelm/Documents/Coding/startups/cravingsph"
2026-03-09T12:28:08.216919Z  INFO ralph_core::event_loop: Looking for memories at: "/Users/raphaelm/Documents/Coding/startups/cravingsph/.ralph/agent/memories.md" (exists: true)
2026-03-09T12:28:08.218851Z  INFO ralph_core::event_loop: Successfully loaded 2 memories from store
2026-03-09T12:28:08.218882Z  INFO ralph_core::event_loop: Injecting 2 memories (607 chars) into prompt
2026-03-09T12:28:08.219518Z  INFO ralph_core::event_loop: Injecting scratchpad (16713 chars) into prompt
2026-03-09T12:28:08.219965Z  INFO ralph_core::event_loop: Injecting ready tasks (0 ready, 0 open, 23 closed) into prompt
2026-03-09T12:31:31.988865Z  WARN ralph::loop_runner: SIGHUP received (terminal closed), terminating immediately...
