2026-03-10T01:56:46.360035Z  WARN ralph::preflight: Config file "presets/pdd-to-code-assist.yml" not found, using defaults
2026-03-10T01:56:46.487860Z  INFO ralph_core::event_loop: Memory injection check: enabled=true, inject=Auto, workspace_root="/Users/raphaelm/Documents/Coding/startups/cravingsph"
2026-03-10T01:56:46.488072Z  INFO ralph_core::event_loop: Looking for memories at: "/Users/raphaelm/Documents/Coding/startups/cravingsph/.ralph/agent/memories.md" (exists: true)
2026-03-10T01:56:46.495031Z  INFO ralph_core::event_loop: Successfully loaded 39 memories from store
2026-03-10T01:56:46.495098Z  INFO ralph_core::event_loop: Injecting 39 memories (16309 chars) into prompt
2026-03-10T01:56:46.495677Z  INFO ralph_core::event_loop: Injecting ready tasks (1 ready, 1 open, 66 closed) into prompt
2026-03-10T02:45:48.215961Z  INFO ralph_core::event_loop: Memory injection check: enabled=true, inject=Auto, workspace_root="/Users/raphaelm/Documents/Coding/startups/cravingsph"
2026-03-10T02:45:48.216676Z  INFO ralph_core::event_loop: Looking for memories at: "/Users/raphaelm/Documents/Coding/startups/cravingsph/.ralph/agent/memories.md" (exists: true)
2026-03-10T02:45:48.218817Z  INFO ralph_core::event_loop: Successfully loaded 39 memories from store
2026-03-10T02:45:48.218856Z  INFO ralph_core::event_loop: Injecting 39 memories (16309 chars) into prompt
2026-03-10T02:45:48.219700Z  INFO ralph_core::event_loop: Injecting ready tasks (0 ready, 0 open, 67 closed) into prompt
2026-03-10T02:46:40.566186Z  INFO ralph_core::event_loop: Completion event detected in JSONL topic=LOOP_COMPLETE
2026-03-10T02:46:40.566764Z  INFO ralph_core::event_loop: Completion event detected - terminating
2026-03-10T02:46:40.566991Z  INFO ralph::loop_runner: Completion event LOOP_COMPLETE detected.
2026-03-10T02:46:40.567287Z  INFO ralph_core::event_loop: Wrapping up: completed. 2 iterations in 49m 54s. reason=completed iterations=2 duration=49m 54s
2026-03-10T02:46:40.592026Z  INFO ralph_core::landing: Beginning landing sequence loop_id=primary
2026-03-10T02:46:40.757901Z  INFO ralph_core::landing: Auto-committed changes during landing loop_id=primary commit=Some("af81b5450b5903d66c3bf6e384a1f0bd5a74bd13") files=50
2026-03-10T02:46:40.834159Z  INFO ralph_core::landing: Generated handoff file loop_id=primary path=/Users/raphaelm/Documents/Coding/startups/cravingsph/.ralph/agent/handoff.md completed=67 open=0
2026-03-10T02:46:40.850540Z  INFO ralph_core::loop_completion: Landing completed with auto-commit commit=Some("af81b5450b5903d66c3bf6e384a1f0bd5a74bd13") handoff=/Users/raphaelm/Documents/Coding/startups/cravingsph/.ralph/agent/handoff.md
2026-03-10T02:46:40.850557Z  INFO ralph::loop_runner: Primary loop landed successfully committed=true handoff=/Users/raphaelm/Documents/Coding/startups/cravingsph/.ralph/agent/handoff.md open_tasks=0
