2026-03-12T11:04:54.710163Z  WARN ralph::preflight: Config file "presets/pdd-to-code-assist.yml" not found, using defaults
2026-03-12T11:04:54.826156Z  INFO ralph_core::event_loop: Memory injection check: enabled=true, inject=Auto, workspace_root="/Users/raphaelm/Documents/Coding/startups/cravingsph"
2026-03-12T11:04:54.826193Z  INFO ralph_core::event_loop: Looking for memories at: "/Users/raphaelm/Documents/Coding/startups/cravingsph/.ralph/agent/memories.md" (exists: true)
2026-03-12T11:04:54.829692Z  INFO ralph_core::event_loop: Successfully loaded 39 memories from store
2026-03-12T11:04:54.829722Z  INFO ralph_core::event_loop: Injecting 39 memories (16309 chars) into prompt
2026-03-12T11:04:54.830113Z  INFO ralph_core::event_loop: Injecting ready tasks (0 ready, 0 open, 67 closed) into prompt
2026-03-12T11:12:01.500330Z  INFO ralph_core::event_loop: Memory injection check: enabled=true, inject=Auto, workspace_root="/Users/raphaelm/Documents/Coding/startups/cravingsph"
2026-03-12T11:12:01.500696Z  INFO ralph_core::event_loop: Looking for memories at: "/Users/raphaelm/Documents/Coding/startups/cravingsph/.ralph/agent/memories.md" (exists: true)
2026-03-12T11:12:01.501079Z  INFO ralph_core::event_loop: Successfully loaded 39 memories from store
2026-03-12T11:12:01.501109Z  INFO ralph_core::event_loop: Injecting 39 memories (16309 chars) into prompt
2026-03-12T11:12:01.501641Z  INFO ralph_core::event_loop: Injecting ready tasks (0 ready, 0 open, 67 closed) into prompt
2026-03-12T11:15:33.954119Z  INFO ralph_core::event_loop: Memory injection check: enabled=true, inject=Auto, workspace_root="/Users/raphaelm/Documents/Coding/startups/cravingsph"
2026-03-12T11:15:33.954557Z  INFO ralph_core::event_loop: Looking for memories at: "/Users/raphaelm/Documents/Coding/startups/cravingsph/.ralph/agent/memories.md" (exists: true)
2026-03-12T11:15:33.954964Z  INFO ralph_core::event_loop: Successfully loaded 39 memories from store
2026-03-12T11:15:33.955000Z  INFO ralph_core::event_loop: Injecting 39 memories (16309 chars) into prompt
2026-03-12T11:15:33.955498Z  INFO ralph_core::event_loop: Injecting ready tasks (0 ready, 0 open, 67 closed) into prompt
2026-03-12T11:19:06.110199Z  INFO ralph_core::event_loop: Memory injection check: enabled=true, inject=Auto, workspace_root="/Users/raphaelm/Documents/Coding/startups/cravingsph"
2026-03-12T11:19:06.110667Z  INFO ralph_core::event_loop: Looking for memories at: "/Users/raphaelm/Documents/Coding/startups/cravingsph/.ralph/agent/memories.md" (exists: true)
2026-03-12T11:19:06.111421Z  INFO ralph_core::event_loop: Successfully loaded 39 memories from store
2026-03-12T11:19:06.111540Z  INFO ralph_core::event_loop: Injecting 39 memories (16309 chars) into prompt
2026-03-12T11:19:06.112627Z  INFO ralph_core::event_loop: Injecting ready tasks (0 ready, 0 open, 67 closed) into prompt
2026-03-12T11:22:29.859374Z  INFO ralph_core::event_loop: Memory injection check: enabled=true, inject=Auto, workspace_root="/Users/raphaelm/Documents/Coding/startups/cravingsph"
2026-03-12T11:22:29.859622Z  INFO ralph_core::event_loop: Looking for memories at: "/Users/raphaelm/Documents/Coding/startups/cravingsph/.ralph/agent/memories.md" (exists: true)
2026-03-12T11:22:29.860026Z  INFO ralph_core::event_loop: Successfully loaded 39 memories from store
2026-03-12T11:22:29.860063Z  INFO ralph_core::event_loop: Injecting 39 memories (16309 chars) into prompt
2026-03-12T11:22:29.860517Z  INFO ralph_core::event_loop: Injecting ready tasks (0 ready, 0 open, 67 closed) into prompt
2026-03-12T11:25:56.854125Z  INFO ralph_core::event_loop: Wrapping up: consecutive_failures. 5 iterations in 21m 2s. reason=consecutive_failures iterations=5 duration=21m 2s
