2026-03-09T12:31:52.522656Z  WARN ralph::preflight: Config file "presets/pdd-to-code-assist.yml" not found, using defaults
2026-03-09T12:31:52.633474Z  INFO ralph_core::event_loop: Memory injection check: enabled=true, inject=Auto, workspace_root="/Users/raphaelm/Documents/Coding/startups/cravingsph"
2026-03-09T12:31:52.633505Z  INFO ralph_core::event_loop: Looking for memories at: "/Users/raphaelm/Documents/Coding/startups/cravingsph/.ralph/agent/memories.md" (exists: true)
2026-03-09T12:31:52.636906Z  INFO ralph_core::event_loop: Successfully loaded 2 memories from store
2026-03-09T12:31:52.636928Z  INFO ralph_core::event_loop: Injecting 2 memories (607 chars) into prompt
2026-03-09T12:31:52.637174Z  INFO ralph_core::event_loop: Injecting ready tasks (1 ready, 3 open, 23 closed) into prompt
2026-03-09T12:38:49.456281Z  INFO ralph_core::event_loop: Memory injection check: enabled=true, inject=Auto, workspace_root="/Users/raphaelm/Documents/Coding/startups/cravingsph"
2026-03-09T12:38:49.456970Z  INFO ralph_core::event_loop: Looking for memories at: "/Users/raphaelm/Documents/Coding/startups/cravingsph/.ralph/agent/memories.md" (exists: true)
2026-03-09T12:38:49.458525Z  INFO ralph_core::event_loop: Successfully loaded 2 memories from store
2026-03-09T12:38:49.458672Z  INFO ralph_core::event_loop: Injecting 2 memories (607 chars) into prompt
2026-03-09T12:38:49.458974Z  INFO ralph_core::event_loop: Injecting scratchpad (1282 chars) into prompt
2026-03-09T12:38:49.459270Z  INFO ralph_core::event_loop: Injecting ready tasks (1 ready, 2 open, 24 closed) into prompt
2026-03-09T12:42:25.733238Z  INFO ralph_core::event_loop: Memory injection check: enabled=true, inject=Auto, workspace_root="/Users/raphaelm/Documents/Coding/startups/cravingsph"
2026-03-09T12:42:25.733800Z  INFO ralph_core::event_loop: Looking for memories at: "/Users/raphaelm/Documents/Coding/startups/cravingsph/.ralph/agent/memories.md" (exists: true)
2026-03-09T12:42:25.735030Z  INFO ralph_core::event_loop: Successfully loaded 2 memories from store
2026-03-09T12:42:25.735049Z  INFO ralph_core::event_loop: Injecting 2 memories (607 chars) into prompt
2026-03-09T12:42:25.735117Z  INFO ralph_core::event_loop: Injecting scratchpad (2159 chars) into prompt
2026-03-09T12:42:25.735311Z  INFO ralph_core::event_loop: Injecting ready tasks (1 ready, 1 open, 25 closed) into prompt
2026-03-09T12:44:59.246682Z  INFO ralph_core::event_loop: Memory injection check: enabled=true, inject=Auto, workspace_root="/Users/raphaelm/Documents/Coding/startups/cravingsph"
2026-03-09T12:44:59.247440Z  INFO ralph_core::event_loop: Looking for memories at: "/Users/raphaelm/Documents/Coding/startups/cravingsph/.ralph/agent/memories.md" (exists: true)
2026-03-09T12:44:59.248590Z  INFO ralph_core::event_loop: Successfully loaded 2 memories from store
2026-03-09T12:44:59.248603Z  INFO ralph_core::event_loop: Injecting 2 memories (607 chars) into prompt
2026-03-09T12:44:59.248755Z  INFO ralph_core::event_loop: Injecting scratchpad (3532 chars) into prompt
2026-03-09T12:44:59.248955Z  INFO ralph_core::event_loop: Injecting ready tasks (0 ready, 0 open, 26 closed) into prompt
2026-03-09T12:49:07.701482Z  INFO ralph_core::event_loop: Memory injection check: enabled=true, inject=Auto, workspace_root="/Users/raphaelm/Documents/Coding/startups/cravingsph"
2026-03-09T12:49:07.702090Z  INFO ralph_core::event_loop: Looking for memories at: "/Users/raphaelm/Documents/Coding/startups/cravingsph/.ralph/agent/memories.md" (exists: true)
2026-03-09T12:49:07.703288Z  INFO ralph_core::event_loop: Successfully loaded 2 memories from store
2026-03-09T12:49:07.703302Z  INFO ralph_core::event_loop: Injecting 2 memories (607 chars) into prompt
2026-03-09T12:49:07.703446Z  INFO ralph_core::event_loop: Injecting scratchpad (5169 chars) into prompt
2026-03-09T12:49:07.703656Z  INFO ralph_core::event_loop: Injecting ready tasks (1 ready, 1 open, 27 closed) into prompt
2026-03-09T12:56:28.302598Z  INFO ralph_core::event_loop: Memory injection check: enabled=true, inject=Auto, workspace_root="/Users/raphaelm/Documents/Coding/startups/cravingsph"
2026-03-09T12:56:28.303474Z  INFO ralph_core::event_loop: Looking for memories at: "/Users/raphaelm/Documents/Coding/startups/cravingsph/.ralph/agent/memories.md" (exists: true)
2026-03-09T12:56:28.304636Z  INFO ralph_core::event_loop: Successfully loaded 2 memories from store
2026-03-09T12:56:28.304647Z  INFO ralph_core::event_loop: Injecting 2 memories (607 chars) into prompt
2026-03-09T12:56:28.304792Z  INFO ralph_core::event_loop: Injecting scratchpad (8274 chars) into prompt
2026-03-09T12:56:28.304981Z  INFO ralph_core::event_loop: Injecting ready tasks (0 ready, 0 open, 28 closed) into prompt
2026-03-09T13:05:24.478262Z  INFO ralph_core::event_loop: Memory injection check: enabled=true, inject=Auto, workspace_root="/Users/raphaelm/Documents/Coding/startups/cravingsph"
2026-03-09T13:05:24.479152Z  INFO ralph_core::event_loop: Looking for memories at: "/Users/raphaelm/Documents/Coding/startups/cravingsph/.ralph/agent/memories.md" (exists: true)
2026-03-09T13:05:24.480339Z  INFO ralph_core::event_loop: Successfully loaded 2 memories from store
2026-03-09T13:05:24.480540Z  INFO ralph_core::event_loop: Injecting 2 memories (607 chars) into prompt
2026-03-09T13:05:24.480924Z  INFO ralph_core::event_loop: Injecting scratchpad (10547 chars) into prompt
2026-03-09T13:05:24.481312Z  INFO ralph_core::event_loop: Injecting ready tasks (3 ready, 3 open, 29 closed) into prompt
2026-03-09T13:09:47.317682Z  INFO ralph_core::event_loop: Memory injection check: enabled=true, inject=Auto, workspace_root="/Users/raphaelm/Documents/Coding/startups/cravingsph"
2026-03-09T13:09:47.318505Z  INFO ralph_core::event_loop: Looking for memories at: "/Users/raphaelm/Documents/Coding/startups/cravingsph/.ralph/agent/memories.md" (exists: true)
2026-03-09T13:09:47.320959Z  INFO ralph_core::event_loop: Successfully loaded 2 memories from store
2026-03-09T13:09:47.321098Z  INFO ralph_core::event_loop: Injecting 2 memories (607 chars) into prompt
2026-03-09T13:09:47.321570Z  INFO ralph_core::event_loop: Injecting scratchpad (12006 chars) into prompt
2026-03-09T13:09:47.322617Z  INFO ralph_core::event_loop: Injecting ready tasks (2 ready, 2 open, 30 closed) into prompt
2026-03-09T13:14:08.080434Z  INFO ralph_core::event_loop: Memory injection check: enabled=true, inject=Auto, workspace_root="/Users/raphaelm/Documents/Coding/startups/cravingsph"
2026-03-09T13:14:08.081061Z  INFO ralph_core::event_loop: Looking for memories at: "/Users/raphaelm/Documents/Coding/startups/cravingsph/.ralph/agent/memories.md" (exists: true)
2026-03-09T13:14:08.082308Z  INFO ralph_core::event_loop: Successfully loaded 2 memories from store
2026-03-09T13:14:08.082327Z  INFO ralph_core::event_loop: Injecting 2 memories (607 chars) into prompt
2026-03-09T13:14:08.082506Z  INFO ralph_core::event_loop: Injecting scratchpad (13747 chars) into prompt
2026-03-09T13:14:08.083014Z  INFO ralph_core::event_loop: Injecting ready tasks (1 ready, 1 open, 31 closed) into prompt
2026-03-09T13:18:09.562166Z  INFO ralph_core::event_loop: Memory injection check: enabled=true, inject=Auto, workspace_root="/Users/raphaelm/Documents/Coding/startups/cravingsph"
2026-03-09T13:18:09.562763Z  INFO ralph_core::event_loop: Looking for memories at: "/Users/raphaelm/Documents/Coding/startups/cravingsph/.ralph/agent/memories.md" (exists: true)
2026-03-09T13:18:09.564298Z  INFO ralph_core::event_loop: Successfully loaded 2 memories from store
2026-03-09T13:18:09.564312Z  INFO ralph_core::event_loop: Injecting 2 memories (607 chars) into prompt
2026-03-09T13:18:09.564495Z  INFO ralph_core::event_loop: Injecting scratchpad (16141 chars) into prompt
2026-03-09T13:18:09.564937Z  INFO ralph_core::event_loop: Injecting ready tasks (0 ready, 0 open, 32 closed) into prompt
2026-03-09T13:25:23.672771Z  INFO ralph_core::event_loop: Memory injection check: enabled=true, inject=Auto, workspace_root="/Users/raphaelm/Documents/Coding/startups/cravingsph"
2026-03-09T13:25:23.673590Z  INFO ralph_core::event_loop: Looking for memories at: "/Users/raphaelm/Documents/Coding/startups/cravingsph/.ralph/agent/memories.md" (exists: true)
2026-03-09T13:25:23.674996Z  INFO ralph_core::event_loop: Successfully loaded 2 memories from store
2026-03-09T13:25:23.675017Z  INFO ralph_core::event_loop: Injecting 2 memories (607 chars) into prompt
2026-03-09T13:25:23.675206Z  INFO ralph_core::event_loop: Injecting scratchpad (16443 chars) into prompt
2026-03-09T13:25:23.675576Z  INFO ralph_core::event_loop: Injecting ready tasks (1 ready, 2 open, 33 closed) into prompt
2026-03-09T13:29:56.557864Z  INFO ralph_core::event_loop: Memory injection check: enabled=true, inject=Auto, workspace_root="/Users/raphaelm/Documents/Coding/startups/cravingsph"
2026-03-09T13:29:56.558862Z  INFO ralph_core::event_loop: Looking for memories at: "/Users/raphaelm/Documents/Coding/startups/cravingsph/.ralph/agent/memories.md" (exists: true)
2026-03-09T13:29:56.560883Z  INFO ralph_core::event_loop: Successfully loaded 2 memories from store
2026-03-09T13:29:56.560927Z  INFO ralph_core::event_loop: Injecting 2 memories (607 chars) into prompt
2026-03-09T13:29:56.561199Z  INFO ralph_core::event_loop: Injecting scratchpad (16670 chars) into prompt
2026-03-09T13:29:56.562257Z  INFO ralph_core::event_loop: Injecting ready tasks (1 ready, 1 open, 34 closed) into prompt
2026-03-09T13:32:08.588429Z  INFO ralph_core::event_loop: Memory injection check: enabled=true, inject=Auto, workspace_root="/Users/raphaelm/Documents/Coding/startups/cravingsph"
2026-03-09T13:32:08.588675Z  INFO ralph_core::event_loop: Looking for memories at: "/Users/raphaelm/Documents/Coding/startups/cravingsph/.ralph/agent/memories.md" (exists: true)
2026-03-09T13:32:08.589000Z  INFO ralph_core::event_loop: Successfully loaded 2 memories from store
2026-03-09T13:32:08.589012Z  INFO ralph_core::event_loop: Injecting 2 memories (607 chars) into prompt
2026-03-09T13:32:08.589169Z  INFO ralph_core::event_loop: Injecting scratchpad (16749 chars) into prompt
2026-03-09T13:32:08.589737Z  INFO ralph_core::event_loop: Injecting ready tasks (1 ready, 1 open, 34 closed) into prompt
2026-03-09T13:32:35.363247Z  INFO ralph_core::event_loop: Memory injection check: enabled=true, inject=Auto, workspace_root="/Users/raphaelm/Documents/Coding/startups/cravingsph"
2026-03-09T13:32:35.363436Z  INFO ralph_core::event_loop: Looking for memories at: "/Users/raphaelm/Documents/Coding/startups/cravingsph/.ralph/agent/memories.md" (exists: true)
2026-03-09T13:32:35.363752Z  INFO ralph_core::event_loop: Successfully loaded 2 memories from store
2026-03-09T13:32:35.363775Z  INFO ralph_core::event_loop: Injecting 2 memories (607 chars) into prompt
2026-03-09T13:32:35.363967Z  INFO ralph_core::event_loop: Injecting scratchpad (16749 chars) into prompt
2026-03-09T13:32:35.364236Z  INFO ralph_core::event_loop: Injecting ready tasks (1 ready, 1 open, 34 closed) into prompt
2026-03-09T13:32:40.940103Z  INFO ralph_core::event_loop: Memory injection check: enabled=true, inject=Auto, workspace_root="/Users/raphaelm/Documents/Coding/startups/cravingsph"
2026-03-09T13:32:40.940328Z  INFO ralph_core::event_loop: Looking for memories at: "/Users/raphaelm/Documents/Coding/startups/cravingsph/.ralph/agent/memories.md" (exists: true)
2026-03-09T13:32:40.940765Z  INFO ralph_core::event_loop: Successfully loaded 2 memories from store
2026-03-09T13:32:40.940804Z  INFO ralph_core::event_loop: Injecting 2 memories (607 chars) into prompt
2026-03-09T13:32:40.941258Z  INFO ralph_core::event_loop: Injecting scratchpad (16749 chars) into prompt
2026-03-09T13:32:40.941658Z  INFO ralph_core::event_loop: Injecting ready tasks (1 ready, 1 open, 34 closed) into prompt
2026-03-09T13:32:46.735462Z  INFO ralph_core::event_loop: Memory injection check: enabled=true, inject=Auto, workspace_root="/Users/raphaelm/Documents/Coding/startups/cravingsph"
2026-03-09T13:32:46.735649Z  INFO ralph_core::event_loop: Looking for memories at: "/Users/raphaelm/Documents/Coding/startups/cravingsph/.ralph/agent/memories.md" (exists: true)
2026-03-09T13:32:46.736063Z  INFO ralph_core::event_loop: Successfully loaded 2 memories from store
2026-03-09T13:32:46.736092Z  INFO ralph_core::event_loop: Injecting 2 memories (607 chars) into prompt
2026-03-09T13:32:46.736422Z  INFO ralph_core::event_loop: Injecting scratchpad (16749 chars) into prompt
2026-03-09T13:32:46.736968Z  INFO ralph_core::event_loop: Injecting ready tasks (1 ready, 1 open, 34 closed) into prompt
2026-03-09T13:32:51.732297Z  INFO ralph_core::event_loop: Wrapping up: consecutive_failures. 16 iterations in 1h 0m 59s. reason=consecutive_failures iterations=16 duration=1h 0m 59s
