[     963ms] [ERROR] In HTML, %s cannot be a descendant of <%s>.
This will cause a hydration error.%s <li> li 

  ...
    <RedirectBoundary>
      <RedirectErrorBoundary router={{...}}>
        <InnerLayoutRouter url="/organizat..." tree={[...]} params={{...}} cacheNode={{rsc:<Fragment>, ...}} ...>
          <SegmentViewNode type="page" pagePath="/Documents...">
            <SegmentTrieNode>
            <ClientPageRoot Component={function MenuManagementPage} serverProvidedParams={{...}}>
              <MenuManagementPage params={Promise} searchParams={Promise}>
                <DashboardNavbar breadcrumbs={[...]} actions={<Fragment>}>
                  <header data-slot="dashboard-..." className="flex min-h...">
                    <SidebarTrigger>
                    <Separator>
                    <Breadcrumb className="min-w-0 fl...">
                      <nav aria-label="breadcrumb" data-slot="breadcrumb" className="min-w-0 fl...">
                        <BreadcrumbList>
                          <ol data-slot="breadcrumb..." className="text-muted...">
                            <BreadcrumbItem>
                            <BreadcrumbItem className="min-w-0">
>                             <li data-slot="breadcrumb-item" className="inline-flex items-center gap-1.5 min-w-0">
                                <BreadcrumbSeparator>
>                                 <li
>                                   data-slot="breadcrumb-separator"
>                                   role="presentation"
>                                   aria-hidden="true"
>                                   className={"[&>svg]:size-3.5"}
>                                 >
                                ...
                    ...
                ...
          ...
        ...
 @ http://localhost:3000/_next/static/chunks/03e60_next_dist_63589985._.js:3127
[     963ms] [ERROR] <%s> cannot contain a nested %s.
See this log for the ancestor stack trace. li <li> @ http://localhost:3000/_next/static/chunks/03e60_next_dist_63589985._.js:3127
[     991ms] Error: Hydration failed because the server rendered HTML didn't match the client. As a result this tree will be regenerated on the client. This can happen if a SSR-ed Client Component used:

- A server/client branch `if (typeof window !== 'undefined')`.
- Variable input such as `Date.now()` or `Math.random()` which changes each time it's called.
- Date formatting in a user's locale which doesn't match the server.
- External changing data without sending a snapshot of it along with the HTML.
- Invalid HTML tag nesting.

It can also happen if the client has a browser extension installed which messes with the HTML before React loaded.

https://react.dev/link/hydration-mismatch
    at throwOnHydrationMismatch (http://localhost:3000/_next/static/chunks/03e60_next_dist_compiled_react-dom_07fe1108._.js:3348:56)
    at beginWork (http://localhost:3000/_next/static/chunks/03e60_next_dist_compiled_react-dom_07fe1108._.js:6775:918)
    at runWithFiberInDEV (http://localhost:3000/_next/static/chunks/03e60_next_dist_compiled_react-dom_07fe1108._.js:965:74)
    at performUnitOfWork (http://localhost:3000/_next/static/chunks/03e60_next_dist_compiled_react-dom_07fe1108._.js:9562:97)
    at workLoopConcurrentByScheduler (http://localhost:3000/_next/static/chunks/03e60_next_dist_compiled_react-dom_07fe1108._.js:9558:58)
    at renderRootConcurrent (http://localhost:3000/_next/static/chunks/03e60_next_dist_compiled_react-dom_07fe1108._.js:9541:71)
    at performWorkOnRoot (http://localhost:3000/_next/static/chunks/03e60_next_dist_compiled_react-dom_07fe1108._.js:9068:150)
    at performWorkOnRootViaSchedulerTask (http://localhost:3000/_next/static/chunks/03e60_next_dist_compiled_react-dom_07fe1108._.js:10230:9)
    at MessagePort.performWorkUntilDeadline (http://localhost:3000/_next/static/chunks/03e60_next_dist_compiled_9cd9ee03._.js:2647:64)
[   99729ms] [ERROR] %o

%s Error: Invalid src prop (https://example.com/chicken.jpg) on `next/image`, hostname "example.com" is not configured under images in your `next.config.js`
See more info: https://nextjs.org/docs/messages/next-image-unconfigured-host
    at defaultLoader (http://localhost:3000/_next/static/chunks/03e60_next_1621d0a5._.js:2770:49)
    at http://localhost:3000/_next/static/chunks/03e60_next_1621d0a5._.js:215:39
    at Array.map (<anonymous>)
    at generateImgAttrs (http://localhost:3000/_next/static/chunks/03e60_next_1621d0a5._.js:215:24)
    at getImgProps (http://localhost:3000/_next/static/chunks/03e60_next_1621d0a5._.js:628:27)
    at http://localhost:3000/_next/static/chunks/03e60_next_1621d0a5._.js:3109:82
    at Object.react_stack_bottom_frame (http://localhost:3000/_next/static/chunks/03e60_next_dist_compiled_react-dom_07fe1108._.js:14826:24)
    at renderWithHooks (http://localhost:3000/_next/static/chunks/03e60_next_dist_compiled_react-dom_07fe1108._.js:4651:24)
    at updateForwardRef (http://localhost:3000/_next/static/chunks/03e60_next_dist_compiled_react-dom_07fe1108._.js:5939:21)
    at beginWork (http://localhost:3000/_next/static/chunks/03e60_next_dist_compiled_react-dom_07fe1108._.js:6783:24)
    at runWithFiberInDEV (http://localhost:3000/_next/static/chunks/03e60_next_dist_compiled_react-dom_07fe1108._.js:965:74)
    at performUnitOfWork (http://localhost:3000/_next/static/chunks/03e60_next_dist_compiled_react-dom_07fe1108._.js:9562:97)
    at workLoopSync (http://localhost:3000/_next/static/chunks/03e60_next_dist_compiled_react-dom_07fe1108._.js:9456:40)
    at renderRootSync (http://localhost:3000/_next/static/chunks/03e60_next_dist_compiled_react-dom_07fe1108._.js:9440:13)
    at performWorkOnRoot (http://localhost:3000/_next/static/chunks/03e60_next_dist_compiled_react-dom_07fe1108._.js:9105:47)
    at performSyncWorkOnRoot (http://localhost:3000/_next/static/chunks/03e60_next_dist_compiled_react-dom_07fe1108._.js:10238:9)
    at flushSyncWorkAcrossRoots_impl (http://localhost:3000/_next/static/chunks/03e60_next_dist_compiled_react-dom_07fe1108._.js:10154:316)
    at processRootScheduleInMicrotask (http://localhost:3000/_next/static/chunks/03e60_next_dist_compiled_react-dom_07fe1108._.js:10175:106)
    at http://localhost:3000/_next/static/chunks/03e60_next_dist_compiled_react-dom_07fe1108._.js:10249:158 The above error occurred in the <Unknown> component. It was handled by the <ErrorBoundaryHandler> error boundary. @ http://localhost:3000/_next/static/chunks/03e60_next_dist_client_49172731._.js:1342
